<?xml version="1.0" encoding="utf-8"?><testsuites><testsuite name="pytest" errors="0" failures="0" skipped="0" tests="12" time="0.319" timestamp="2023-01-23T12:44:26.392535" hostname="BE19-C-00015"><testcase classname="smarthexboard.tests.TestArray2D" name="test_constructor" time="0.001" /><testcase classname="smarthexboard.tests.TestHexPoint" name="test_constructor" time="0.001" /><testcase classname="smarthexboard.tests.TestHexPoint" name="test_neighbor_n_s" time="0.000" /><testcase classname="smarthexboard.tests.TestHexPoint" name="test_neighbor_ne_sw" time="0.000" /><testcase classname="smarthexboard.tests.TestHeightMap" name="test_constructor" time="0.004" /><testcase classname="smarthexboard.tests.TestHeightMap" name="test_findThresholdAbove" time="0.003" /><testcase classname="smarthexboard.tests.TestTile" name="test_constructor" time="0.001" /><testcase classname="smarthexboard.tests.TestTile" name="test_river_n" time="0.001" /><testcase classname="smarthexboard.tests.TestTile" name="test_river_ne" time="0.000" /><testcase classname="smarthexboard.tests.TestMap" name="test_constructor" time="0.001" /><testcase classname="smarthexboard.tests.TestMapGenerator" name="test_constructor" time="0.258" /><testcase classname="smarthexboard.tests.TestPathfinding" name="test_generation_request" time="0.002" /></testsuite></testsuites>